# JRE version: OpenJDK Runtime Environment (8.0_152-b02) (build 1.8.0_152-release-1024-b02)
# Java VM: OpenJDK 64-Bit Server VM (25.152-b02 mixed mode windows-amd64 compressed oops)
Heap:
 PSYoungGen      total 67072K, used 5216K [0x00000000e0000000, 0x00000000e4e80000, 0x0000000100000000)
  eden space 56320K, 9% used [0x00000000e0000000,0x00000000e0518040,0x00000000e3700000)
  from space 10752K, 0% used [0x00000000e4280000,0x00000000e4280000,0x00000000e4d00000)
  to   space 11776K, 0% used [0x00000000e3700000,0x00000000e3700000,0x00000000e4280000)
 ParOldGen       total 107520K, used 17325K [0x00000000a0000000, 0x00000000a6900000, 0x00000000e0000000)
  object space 107520K, 16% used [0x00000000a0000000,0x00000000a10eb5a0,0x00000000a6900000)
 Metaspace       used 35274K, capacity 36114K, committed 36224K, reserved 1081344K
  class space    used 4903K, capacity 5192K, committed 5248K, reserved 1048576K
GC Heap History (10 events):
Event: 12.528 GC heap before
{Heap before GC invocations=8 (full 1):
 PSYoungGen      total 42496K, used 35705K [0x00000000e0000000, 0x00000000e3f80000, 0x0000000100000000)
  eden space 32256K, 100% used [0x00000000e0000000,0x00000000e1f80000,0x00000000e1f80000)
  from space 10240K, 33% used [0x00000000e2980000,0x00000000e2cde790,0x00000000e3380000)
  to   space 10240K, 0% used [0x00000000e1f80000,0x00000000e1f80000,0x00000000e2980000)
 ParOldGen       total 65536K, used 8240K [0x00000000a0000000, 0x00000000a4000000, 0x00000000e0000000)
  object space 65536K, 12% used [0x00000000a0000000,0x00000000a080c0a0,0x00000000a4000000)
 Metaspace       used 26008K, capacity 26528K, committed 26624K, reserved 1073152K
  class space    used 3629K, capacity 3805K, committed 3840K, reserved 1048576K
Event: 12.534 GC heap after
Heap after GC invocations=8 (full 1):
 PSYoungGen      total 42496K, used 4913K [0x00000000e0000000, 0x00000000e3f80000, 0x0000000100000000)
  eden space 32256K, 0% used [0x00000000e0000000,0x00000000e0000000,0x00000000e1f80000)
  from space 10240K, 47% used [0x00000000e1f80000,0x00000000e244c7d0,0x00000000e2980000)
  to   space 10240K, 0% used [0x00000000e3580000,0x00000000e3580000,0x00000000e3f80000)
 ParOldGen       total 65536K, used 8248K [0x00000000a0000000, 0x00000000a4000000, 0x00000000e0000000)
  object space 65536K, 12% used [0x00000000a0000000,0x00000000a080e0a0,0x00000000a4000000)
 Metaspace       used 26008K, capacity 26528K, committed 26624K, reserved 1073152K
  class space    used 3629K, capacity 3805K, committed 3840K, reserved 1048576K
}
Event: 13.388 GC heap before
{Heap before GC invocations=9 (full 1):
 PSYoungGen      total 42496K, used 37169K [0x00000000e0000000, 0x00000000e3f80000, 0x0000000100000000)
  eden space 32256K, 100% used [0x00000000e0000000,0x00000000e1f80000,0x00000000e1f80000)
  from space 10240K, 47% used [0x00000000e1f80000,0x00000000e244c7d0,0x00000000e2980000)
  to   space 10240K, 0% used [0x00000000e3580000,0x00000000e3580000,0x00000000e3f80000)
 ParOldGen       total 65536K, used 8248K [0x00000000a0000000, 0x00000000a4000000, 0x00000000e0000000)
  object space 65536K, 12% used [0x00000000a0000000,0x00000000a080e0a0,0x00000000a4000000)
 Metaspace       used 28588K, capacity 29228K, committed 29568K, reserved 1075200K
  class space    used 3974K, capacity 4170K, committed 4224K, reserved 1048576K
Event: 13.397 GC heap after
Heap after GC invocations=9 (full 1):
 PSYoungGen      total 55296K, used 6683K [0x00000000e0000000, 0x00000000e4000000, 0x0000000100000000)
  eden space 45056K, 0% used [0x00000000e0000000,0x00000000e0000000,0x00000000e2c00000)
  from space 10240K, 65% used [0x00000000e3580000,0x00000000e3c06c80,0x00000000e3f80000)
  to   space 9728K, 0% used [0x00000000e2c00000,0x00000000e2c00000,0x00000000e3580000)
 ParOldGen       total 65536K, used 8256K [0x00000000a0000000, 0x00000000a4000000, 0x00000000e0000000)
  object space 65536K, 12% used [0x00000000a0000000,0x00000000a08100a0,0x00000000a4000000)
 Metaspace       used 28588K, capacity 29228K, committed 29568K, reserved 1075200K
  class space    used 3974K, capacity 4170K, committed 4224K, reserved 1048576K
}
Event: 15.233 GC heap before
{Heap before GC invocations=10 (full 1):
 PSYoungGen      total 55296K, used 51739K [0x00000000e0000000, 0x00000000e4000000, 0x0000000100000000)
  eden space 45056K, 100% used [0x00000000e0000000,0x00000000e2c00000,0x00000000e2c00000)
  from space 10240K, 65% used [0x00000000e3580000,0x00000000e3c06c80,0x00000000e3f80000)
  to   space 9728K, 0% used [0x00000000e2c00000,0x00000000e2c00000,0x00000000e3580000)
 ParOldGen       total 65536K, used 8256K [0x00000000a0000000, 0x00000000a4000000, 0x00000000e0000000)
  object space 65536K, 12% used [0x00000000a0000000,0x00000000a08100a0,0x00000000a4000000)
 Metaspace       used 30788K, capacity 31470K, committed 31744K, reserved 1077248K
  class space    used 4325K, capacity 4554K, committed 4608K, reserved 1048576K
Event: 15.248 GC heap after
Heap after GC invocations=10 (full 1):
 PSYoungGen      total 54784K, used 8925K [0x00000000e0000000, 0x00000000e4d00000, 0x0000000100000000)
  eden space 45056K, 0% used [0x00000000e0000000,0x00000000e0000000,0x00000000e2c00000)
  from space 9728K, 91% used [0x00000000e2c00000,0x00000000e34b76f8,0x00000000e3580000)
  to   space 10752K, 0% used [0x00000000e4280000,0x00000000e4280000,0x00000000e4d00000)
 ParOldGen       total 65536K, used 8264K [0x00000000a0000000, 0x00000000a4000000, 0x00000000e0000000)
  object space 65536K, 12% used [0x00000000a0000000,0x00000000a08120a0,0x00000000a4000000)
 Metaspace       used 30788K, capacity 31470K, committed 31744K, reserved 1077248K
  class space    used 4325K, capacity 4554K, committed 4608K, reserved 1048576K
}
Event: 17.599 GC heap before
{Heap before GC invocations=11 (full 1):
 PSYoungGen      total 54784K, used 33960K [0x00000000e0000000, 0x00000000e4d00000, 0x0000000100000000)
  eden space 45056K, 55% used [0x00000000e0000000,0x00000000e1872c88,0x00000000e2c00000)
  from space 9728K, 91% used [0x00000000e2c00000,0x00000000e34b76f8,0x00000000e3580000)
  to   space 10752K, 0% used [0x00000000e4280000,0x00000000e4280000,0x00000000e4d00000)
 ParOldGen       total 65536K, used 8264K [0x00000000a0000000, 0x00000000a4000000, 0x00000000e0000000)
  object space 65536K, 12% used [0x00000000a0000000,0x00000000a08120a0,0x00000000a4000000)
 Metaspace       used 34536K, capacity 35314K, committed 35416K, reserved 1079296K
  class space    used 4829K, capacity 5096K, committed 5120K, reserved 1048576K
Event: 17.612 GC heap after
Heap after GC invocations=11 (full 1):
 PSYoungGen      total 67072K, used 10741K [0x00000000e0000000, 0x00000000e4e80000, 0x0000000100000000)
  eden space 56320K, 0% used [0x00000000e0000000,0x00000000e0000000,0x00000000e3700000)
  from space 10752K, 99% used [0x00000000e4280000,0x00000000e4cfd4a8,0x00000000e4d00000)
  to   space 11776K, 0% used [0x00000000e3700000,0x00000000e3700000,0x00000000e4280000)
 ParOldGen       total 65536K, used 8312K [0x00000000a0000000, 0x00000000a4000000, 0x00000000e0000000)
  object space 65536K, 12% used [0x00000000a0000000,0x00000000a081e0a0,0x00000000a4000000)
 Metaspace       used 34536K, capacity 35314K, committed 35416K, reserved 1079296K
  class space    used 4829K, capacity 5096K, committed 5120K, reserved 1048576K
}
Event: 17.612 GC heap before
{Heap before GC invocations=12 (full 2):
 PSYoungGen      total 67072K, used 10741K [0x00000000e0000000, 0x00000000e4e80000, 0x0000000100000000)
  eden space 56320K, 0% used [0x00000000e0000000,0x00000000e0000000,0x00000000e3700000)
  from space 10752K, 99% used [0x00000000e4280000,0x00000000e4cfd4a8,0x00000000e4d00000)
  to   space 11776K, 0% used [0x00000000e3700000,0x00000000e3700000,0x00000000e4280000)
 ParOldGen       total 65536K, used 8312K [0x00000000a0000000, 0x00000000a4000000, 0x00000000e0000000)
  object space 65536K, 12% used [0x00000000a0000000,0x00000000a081e0a0,0x00000000a4000000)
 Metaspace       used 34536K, capacity 35314K, committed 35416K, reserved 1079296K
  class space    used 4829K, capacity 5096K, committed 5120K, reserved 1048576K
Event: 17.708 GC heap after
Heap after GC invocations=12 (full 2):
 PSYoungGen      total 67072K, used 0K [0x00000000e0000000, 0x00000000e4e80000, 0x0000000100000000)
  eden space 56320K, 0% used [0x00000000e0000000,0x00000000e0000000,0x00000000e3700000)
  from space 10752K, 0% used [0x00000000e4280000,0x00000000e4280000,0x00000000e4d00000)
  to   space 11776K, 0% used [0x00000000e3700000,0x00000000e3700000,0x00000000e4280000)
 ParOldGen       total 107520K, used 17325K [0x00000000a0000000, 0x00000000a6900000, 0x00000000e0000000)
  object space 107520K, 16% used [0x00000000a0000000,0x00000000a10eb5a0,0x00000000a6900000)
 Metaspace       used 34536K, capacity 35314K, committed 35416K, reserved 1079296K
  class space    used 4829K, capacity 5096K, committed 5120K, reserved 1048576K
}

