# JRE version: OpenJDK Runtime Environment (8.0_152-b02) (build 1.8.0_152-release-1024-b02)
# Java VM: OpenJDK 64-Bit Server VM (25.152-b02 mixed mode windows-amd64 compressed oops)
Heap:
 PSYoungGen      total 199680K, used 17461K [0x00000000e0000000, 0x00000000f0d00000, 0x0000000100000000)
  eden space 179200K, 9% used [0x00000000e0000000,0x00000000e110d660,0x00000000eaf00000)
  from space 20480K, 0% used [0x00000000eaf00000,0x00000000eaf00000,0x00000000ec300000)
  to   space 28160K, 0% used [0x00000000ef180000,0x00000000ef180000,0x00000000f0d00000)
 ParOldGen       total 164352K, used 47435K [0x00000000a0000000, 0x00000000aa080000, 0x00000000e0000000)
  object space 164352K, 28% used [0x00000000a0000000,0x00000000a2e52f00,0x00000000aa080000)
 Metaspace       used 57063K, capacity 59000K, committed 59284K, reserved 1099776K
  class space    used 7851K, capacity 8342K, committed 8448K, reserved 1048576K
GC Heap History (10 events):
Event: 8.335 GC heap before
{Heap before GC invocations=10 (full 2):
 PSYoungGen      total 138752K, used 129024K [0x00000000e0000000, 0x00000000eb000000, 0x0000000100000000)
  eden space 129024K, 100% used [0x00000000e0000000,0x00000000e7e00000,0x00000000e7e00000)
  from space 9728K, 0% used [0x00000000e7e00000,0x00000000e7e00000,0x00000000e8780000)
  to   space 13312K, 0% used [0x00000000ea300000,0x00000000ea300000,0x00000000eb000000)
 ParOldGen       total 102912K, used 20587K [0x00000000a0000000, 0x00000000a6480000, 0x00000000e0000000)
  object space 102912K, 20% used [0x00000000a0000000,0x00000000a141ae60,0x00000000a6480000)
 Metaspace       used 42196K, capacity 43292K, committed 43520K, reserved 1087488K
  class space    used 5795K, capacity 6112K, committed 6144K, reserved 1048576K
Event: 8.355 GC heap after
Heap after GC invocations=10 (full 2):
 PSYoungGen      total 164864K, used 13299K [0x00000000e0000000, 0x00000000ec980000, 0x0000000100000000)
  eden space 151552K, 0% used [0x00000000e0000000,0x00000000e0000000,0x00000000e9400000)
  from space 13312K, 99% used [0x00000000ea300000,0x00000000eaffce70,0x00000000eb000000)
  to   space 15360K, 0% used [0x00000000e9400000,0x00000000e9400000,0x00000000ea300000)
 ParOldGen       total 102912K, used 21161K [0x00000000a0000000, 0x00000000a6480000, 0x00000000e0000000)
  object space 102912K, 20% used [0x00000000a0000000,0x00000000a14aa6f8,0x00000000a6480000)
 Metaspace       used 42196K, capacity 43292K, committed 43520K, reserved 1087488K
  class space    used 5795K, capacity 6112K, committed 6144K, reserved 1048576K
}
Event: 10.553 GC heap before
{Heap before GC invocations=11 (full 2):
 PSYoungGen      total 164864K, used 164851K [0x00000000e0000000, 0x00000000ec980000, 0x0000000100000000)
  eden space 151552K, 100% used [0x00000000e0000000,0x00000000e9400000,0x00000000e9400000)
  from space 13312K, 99% used [0x00000000ea300000,0x00000000eaffce70,0x00000000eb000000)
  to   space 15360K, 0% used [0x00000000e9400000,0x00000000e9400000,0x00000000ea300000)
 ParOldGen       total 102912K, used 21161K [0x00000000a0000000, 0x00000000a6480000, 0x00000000e0000000)
  object space 102912K, 20% used [0x00000000a0000000,0x00000000a14aa6f8,0x00000000a6480000)
 Metaspace       used 47471K, capacity 48700K, committed 48896K, reserved 1091584K
  class space    used 6441K, capacity 6790K, committed 6912K, reserved 1048576K
Event: 10.570 GC heap after
Heap after GC invocations=11 (full 2):
 PSYoungGen      total 166912K, used 15114K [0x00000000e0000000, 0x00000000ed400000, 0x0000000100000000)
  eden space 151552K, 0% used [0x00000000e0000000,0x00000000e0000000,0x00000000e9400000)
  from space 15360K, 98% used [0x00000000e9400000,0x00000000ea2c2828,0x00000000ea300000)
  to   space 17408K, 0% used [0x00000000ec300000,0x00000000ec300000,0x00000000ed400000)
 ParOldGen       total 102912K, used 21169K [0x00000000a0000000, 0x00000000a6480000, 0x00000000e0000000)
  object space 102912K, 20% used [0x00000000a0000000,0x00000000a14ac6f8,0x00000000a6480000)
 Metaspace       used 47471K, capacity 48700K, committed 48896K, reserved 1091584K
  class space    used 6441K, capacity 6790K, committed 6912K, reserved 1048576K
}
Event: 13.301 GC heap before
{Heap before GC invocations=12 (full 2):
 PSYoungGen      total 166912K, used 166666K [0x00000000e0000000, 0x00000000ed400000, 0x0000000100000000)
  eden space 151552K, 100% used [0x00000000e0000000,0x00000000e9400000,0x00000000e9400000)
  from space 15360K, 98% used [0x00000000e9400000,0x00000000ea2c2828,0x00000000ea300000)
  to   space 17408K, 0% used [0x00000000ec300000,0x00000000ec300000,0x00000000ed400000)
 ParOldGen       total 102912K, used 21169K [0x00000000a0000000, 0x00000000a6480000, 0x00000000e0000000)
  object space 102912K, 20% used [0x00000000a0000000,0x00000000a14ac6f8,0x00000000a6480000)
 Metaspace       used 53191K, capacity 54918K, committed 55040K, reserved 1095680K
  class space    used 7338K, capacity 7822K, committed 7936K, reserved 1048576K
Event: 13.327 GC heap after
Heap after GC invocations=12 (full 2):
 PSYoungGen      total 196608K, used 17376K [0x00000000e0000000, 0x00000000ed980000, 0x0000000100000000)
  eden space 179200K, 0% used [0x00000000e0000000,0x00000000e0000000,0x00000000eaf00000)
  from space 17408K, 99% used [0x00000000ec300000,0x00000000ed3f8148,0x00000000ed400000)
  to   space 20480K, 0% used [0x00000000eaf00000,0x00000000eaf00000,0x00000000ec300000)
 ParOldGen       total 102912K, used 24272K [0x00000000a0000000, 0x00000000a6480000, 0x00000000e0000000)
  object space 102912K, 23% used [0x00000000a0000000,0x00000000a17b43c8,0x00000000a6480000)
 Metaspace       used 53191K, capacity 54918K, committed 55040K, reserved 1095680K
  class space    used 7338K, capacity 7822K, committed 7936K, reserved 1048576K
}
Event: 15.116 GC heap before
{Heap before GC invocations=13 (full 2):
 PSYoungGen      total 196608K, used 172704K [0x00000000e0000000, 0x00000000ed980000, 0x0000000100000000)
  eden space 179200K, 86% used [0x00000000e0000000,0x00000000e97b0070,0x00000000eaf00000)
  from space 17408K, 99% used [0x00000000ec300000,0x00000000ed3f8148,0x00000000ed400000)
  to   space 20480K, 0% used [0x00000000eaf00000,0x00000000eaf00000,0x00000000ec300000)
 ParOldGen       total 102912K, used 24272K [0x00000000a0000000, 0x00000000a6480000, 0x00000000e0000000)
  object space 102912K, 23% used [0x00000000a0000000,0x00000000a17b43c8,0x00000000a6480000)
 Metaspace       used 56981K, capacity 58872K, committed 59028K, reserved 1099776K
  class space    used 7851K, capacity 8342K, committed 8448K, reserved 1048576K
Event: 15.153 GC heap after
Heap after GC invocations=13 (full 2):
 PSYoungGen      total 199680K, used 20466K [0x00000000e0000000, 0x00000000f0d00000, 0x0000000100000000)
  eden space 179200K, 0% used [0x00000000e0000000,0x00000000e0000000,0x00000000eaf00000)
  from space 20480K, 99% used [0x00000000eaf00000,0x00000000ec2fc918,0x00000000ec300000)
  to   space 28160K, 0% used [0x00000000ef180000,0x00000000ef180000,0x00000000f0d00000)
 ParOldGen       total 102912K, used 36622K [0x00000000a0000000, 0x00000000a6480000, 0x00000000e0000000)
  object space 102912K, 35% used [0x00000000a0000000,0x00000000a23c3bd8,0x00000000a6480000)
 Metaspace       used 56981K, capacity 58872K, committed 59028K, reserved 1099776K
  class space    used 7851K, capacity 8342K, committed 8448K, reserved 1048576K
}
Event: 15.154 GC heap before
{Heap before GC invocations=14 (full 3):
 PSYoungGen      total 199680K, used 20466K [0x00000000e0000000, 0x00000000f0d00000, 0x0000000100000000)
  eden space 179200K, 0% used [0x00000000e0000000,0x00000000e0000000,0x00000000eaf00000)
  from space 20480K, 99% used [0x00000000eaf00000,0x00000000ec2fc918,0x00000000ec300000)
  to   space 28160K, 0% used [0x00000000ef180000,0x00000000ef180000,0x00000000f0d00000)
 ParOldGen       total 102912K, used 36622K [0x00000000a0000000, 0x00000000a6480000, 0x00000000e0000000)
  object space 102912K, 35% used [0x00000000a0000000,0x00000000a23c3bd8,0x00000000a6480000)
 Metaspace       used 56981K, capacity 58872K, committed 59028K, reserved 1099776K
  class space    used 7851K, capacity 8342K, committed 8448K, reserved 1048576K
Event: 15.453 GC heap after
Heap after GC invocations=14 (full 3):
 PSYoungGen      total 199680K, used 0K [0x00000000e0000000, 0x00000000f0d00000, 0x0000000100000000)
  eden space 179200K, 0% used [0x00000000e0000000,0x00000000e0000000,0x00000000eaf00000)
  from space 20480K, 0% used [0x00000000eaf00000,0x00000000eaf00000,0x00000000ec300000)
  to   space 28160K, 0% used [0x00000000ef180000,0x00000000ef180000,0x00000000f0d00000)
 ParOldGen       total 164352K, used 47435K [0x00000000a0000000, 0x00000000aa080000, 0x00000000e0000000)
  object space 164352K, 28% used [0x00000000a0000000,0x00000000a2e52f00,0x00000000aa080000)
 Metaspace       used 56981K, capacity 58872K, committed 59028K, reserved 1099776K
  class space    used 7851K, capacity 8342K, committed 8448K, reserved 1048576K
}

